20:55:55 | 日志文件: results/CEC2022/experiment_20260327_205555.log
20:55:55 | ╔════════════════════════════════════════════════════════════════════════╗
20:55:55 | ║  战国优化算法 (WSOA) — CEC2022 对比实验
20:55:55 | ║  维度=10, 种群=70, 迭代=100, 独立运行=3次
20:55:55 | ║  对比算法: PSO, DE, GA, ABC, GWO, WOA, SCA, HHO, MPA, AO, DBO
20:55:55 | ║  测试函数: CEC2022 (12个函数)
20:55:55 | ║  总任务数: 432 (=12函数 x 3次 x 12算法)
20:55:55 | ╚════════════════════════════════════════════════════════════════════════╝
20:55:55 | 
20:55:55 | ────────────────────────────────────────────────────────────────────────
20:55:55 |   [1/12] F1: F1: Shifted and full Rotated Zakharov Function
20:55:55 |   维度=10, f*=300.0
20:55:55 | ────────────────────────────────────────────────────────────────────────
20:55:55 |     Run 1/3 | WSOA=3.000021e+02 (0.2s) | 进度: 1/432 (0%)
20:55:57 |     Run 1/3 完成 | 本轮耗时: 2.1s | 预计剩余: 1.2min
20:55:57 |     Run 2/3 | WSOA=3.000001e+02 (0.2s) | 进度: 13/432 (3%)
20:55:59 |     Run 2/3 完成 | 本轮耗时: 1.8s | 预计剩余: 1.1min
20:55:59 |     Run 3/3 | WSOA=3.000011e+02 (0.2s) | 进度: 25/432 (6%)
20:56:01 |     Run 3/3 完成 | 本轮耗时: 2.2s | 预计剩余: 1.1min
20:56:01 | 
20:56:01 |   算法       最优值              平均值              标准差              平均耗时      
20:56:01 |   ────────────────────────────────────────────────────────────────────
20:56:01 |   WSOA     3.000001e+02     3.000011e+02     8.218520e-04     0.20    s
20:56:01 |   PSO      3.684379e+02     3.776152e+02     8.574766e+00     0.05    s
20:56:01 |   DE       3.045471e+02     3.054284e+02     6.747378e-01     0.20    s
20:56:01 |   GA       3.323383e+02     3.446692e+02     1.153557e+01     0.20    s
20:56:01 |   ABC      5.225153e+02     2.530596e+03     2.642525e+03     0.19    s
20:56:01 |   GWO      3.549822e+02     4.247125e+02     4.992601e+01     0.19    s
20:56:01 |   WOA      3.009241e+02     3.080458e+02     5.331141e+00     0.17    s
20:56:01 |   SCA      8.064129e+02     1.642195e+03     6.250984e+02     0.18    s
20:56:01 |   HHO      3.013637e+02     3.016474e+02     3.908789e-01     0.25    s
20:56:01 |   MPA      3.001011e+02     3.002085e+02     9.689286e-02     0.16    s
20:56:01 |   AO       3.000003e+02     3.000005e+02     9.437665e-05     0.13    s ★
20:56:01 |   DBO      2.605772e+03     3.585035e+03     7.269736e+02     0.12    s
20:56:01 |   F1 总耗时: 6.1s
20:56:02 | 
20:56:02 | ────────────────────────────────────────────────────────────────────────
20:56:02 |   [2/12] F2: F2: Shifted and Rotated Rosenbrock’s Function
20:56:02 |   维度=10, f*=400.0
20:56:02 | ────────────────────────────────────────────────────────────────────────
20:56:02 |     Run 1/3 | WSOA=4.040843e+02 (0.2s) | 进度: 37/432 (9%)
20:56:04 |     Run 1/3 完成 | 本轮耗时: 2.2s | 预计剩余: 1.2min
20:56:04 |     Run 2/3 | WSOA=4.059361e+02 (0.2s) | 进度: 49/432 (11%)
20:56:06 |     Run 2/3 完成 | 本轮耗时: 2.2s | 预计剩余: 1.1min
20:56:06 |     Run 3/3 | WSOA=4.089163e+02 (0.2s) | 进度: 61/432 (14%)
20:56:08 |     Run 3/3 完成 | 本轮耗时: 2.2s | 预计剩余: 1.1min
20:56:08 | 
20:56:08 |   算法       最优值              平均值              标准差              平均耗时      
20:56:08 |   ────────────────────────────────────────────────────────────────────
20:56:08 |   WSOA     4.040843e+02     4.063122e+02     1.990476e+00     0.23    s
20:56:08 |   PSO      4.079480e+02     4.080860e+02     1.224733e-01     0.08    s
20:56:08 |   DE       4.069115e+02     4.090080e+02     1.741227e+00     0.24    s
20:56:08 |   GA       4.051253e+02     4.234595e+02     2.288264e+01     0.22    s
20:56:08 |   ABC      4.016842e+02     4.047154e+02     2.232836e+00     0.22    s ★
20:56:08 |   GWO      4.004244e+02     4.056659e+02     3.747882e+00     0.23    s
20:56:08 |   WOA      4.077385e+02     4.085577e+02     5.793470e-01     0.16    s
20:56:08 |   SCA      5.108734e+02     5.389398e+02     3.215076e+01     0.15    s
20:56:08 |   HHO      4.004237e+02     4.263435e+02     3.079796e+01     0.23    s
20:56:08 |   MPA      4.053273e+02     4.258636e+02     2.841001e+01     0.16    s
20:56:08 |   AO       4.003160e+02     4.049461e+02     3.541954e+00     0.14    s
20:56:08 |   DBO      4.289664e+02     4.695750e+02     4.582592e+01     0.13    s
20:56:08 |   F2 总耗时: 6.6s
20:56:08 | 
20:56:08 | ────────────────────────────────────────────────────────────────────────
20:56:08 |   [3/12] F3: F3: Shifted and full Rotated Expanded Schaffer’s F7
20:56:08 |   维度=10, f*=600.0
20:56:08 | ────────────────────────────────────────────────────────────────────────
20:56:09 |     Run 1/3 | WSOA=6.000000e+02 (0.3s) | 进度: 73/432 (17%)
20:56:12 |     Run 1/3 完成 | 本轮耗时: 3.3s | 预计剩余: 1.1min
20:56:12 |     Run 2/3 | WSOA=6.000000e+02 (0.3s) | 进度: 85/432 (20%)
20:56:15 |     Run 2/3 完成 | 本轮耗时: 3.3s | 预计剩余: 1.2min
20:56:15 |     Run 3/3 | WSOA=6.000000e+02 (0.5s) | 进度: 97/432 (22%)
20:56:18 |     Run 3/3 完成 | 本轮耗时: 3.4s | 预计剩余: 1.2min
20:56:18 | 
20:56:18 |   算法       最优值              平均值              标准差              平均耗时      
20:56:18 |   ────────────────────────────────────────────────────────────────────
20:56:18 |   WSOA     6.000000e+02     6.000000e+02     6.959318e-08     0.38    s
20:56:18 |   PSO      6.000001e+02     6.000265e+02     2.068609e-02     0.14    s
20:56:18 |   DE       6.000000e+02     6.000000e+02     2.962513e-07     0.35    s
20:56:18 |   GA       6.000001e+02     6.000001e+02     7.284600e-06     0.29    s
20:56:18 |   ABC      6.000000e+02     6.000000e+02     6.975447e-06     0.34    s
20:56:18 |   GWO      6.000001e+02     6.000007e+02     4.896575e-04     0.29    s
20:56:18 |   WOA      6.000000e+02     6.000000e+02     2.842596e-05     0.27    s
20:56:18 |   SCA      6.000548e+02     6.000688e+02     1.650274e-02     0.21    s
20:56:18 |   HHO      6.000000e+02     6.000000e+02     3.618780e-06     0.40    s
20:56:18 |   MPA      6.000000e+02     6.000000e+02     9.050350e-07     0.23    s
20:56:18 |   AO       6.000000e+02     6.000000e+02     1.616681e-09     0.21    s ★
20:56:18 |   DBO      6.000183e+02     6.000453e+02     2.984423e-02     0.19    s
20:56:18 |   F3 总耗时: 10.0s
20:56:18 | 
20:56:18 | ────────────────────────────────────────────────────────────────────────
20:56:18 |   [4/12] F4: F4: Shifted and Rotated Non-Continuous Rastrigin’s Function
20:56:18 |   维度=10, f*=800.0
20:56:18 | ────────────────────────────────────────────────────────────────────────
20:56:19 |     Run 1/3 | WSOA=8.180000e+02 (0.5s) | 进度: 109/432 (25%)
20:56:23 |     Run 1/3 完成 | 本轮耗时: 4.7s | 预计剩余: 1.2min
20:56:24 |     Run 2/3 | WSOA=8.260000e+02 (0.5s) | 进度: 121/432 (28%)
20:56:28 |     Run 2/3 完成 | 本轮耗时: 4.8s | 预计剩余: 1.2min
20:56:28 |     Run 3/3 | WSOA=8.160000e+02 (0.6s) | 进度: 133/432 (31%)
20:56:33 |     Run 3/3 完成 | 本轮耗时: 4.8s | 预计剩余: 1.3min
20:56:33 | 
20:56:33 |   算法       最优值              平均值              标准差              平均耗时      
20:56:33 |   ────────────────────────────────────────────────────────────────────
20:56:33 |   WSOA     8.160000e+02     8.200000e+02     4.320498e+00     0.52    s ★
20:56:33 |   PSO      8.469285e+02     8.748791e+02     3.660418e+01     0.23    s
20:56:33 |   DE       8.623905e+02     8.672799e+02     5.813821e+00     0.47    s
20:56:33 |   GA       8.700000e+02     8.973333e+02     2.583710e+01     0.38    s
20:56:33 |   ABC      8.597127e+02     8.663349e+02     6.118479e+00     0.46    s
20:56:33 |   GWO      8.360000e+02     8.457335e+02     1.157973e+01     0.40    s
20:56:33 |   WOA      8.283814e+02     8.367968e+02     1.077689e+01     0.37    s
20:56:33 |   SCA      8.285287e+02     8.737572e+02     3.270364e+01     0.33    s
20:56:33 |   HHO      8.580000e+02     8.620000e+02     5.656854e+00     0.60    s
20:56:33 |   MPA      8.460000e+02     8.726667e+02     2.124984e+01     0.34    s
20:56:33 |   AO       8.440000e+02     8.646667e+02     1.635713e+01     0.33    s
20:56:33 |   DBO      8.460000e+02     8.824947e+02     3.109981e+01     0.31    s
20:56:33 |   F4 总耗时: 14.2s
20:56:33 | 
20:56:33 | ────────────────────────────────────────────────────────────────────────
20:56:33 |   [5/12] F5: F5: Shifted and Rotated Levy Function
20:56:33 |   维度=10, f*=900.0
20:56:33 | ────────────────────────────────────────────────────────────────────────
20:56:33 |     Run 1/3 | WSOA=9.000000e+02 (0.3s) | 进度: 145/432 (34%)
20:56:36 |     Run 1/3 完成 | 本轮耗时: 2.7s | 预计剩余: 1.2min
20:56:36 |     Run 2/3 | WSOA=9.000895e+02 (0.4s) | 进度: 157/432 (36%)
20:56:38 |     Run 2/3 完成 | 本轮耗时: 2.8s | 预计剩余: 1.1min
20:56:39 |     Run 3/3 | WSOA=9.001791e+02 (0.3s) | 进度: 169/432 (39%)
20:56:41 |     Run 3/3 完成 | 本轮耗时: 2.7s | 预计剩余: 1.1min
20:56:41 | 
20:56:41 |   算法       最优值              平均值              标准差              平均耗时      
20:56:41 |   ────────────────────────────────────────────────────────────────────
20:56:41 |   WSOA     9.000000e+02     9.000895e+02     7.310034e-02     0.30    s
20:56:41 |   PSO      9.001211e+02     9.013983e+02     1.436396e+00     0.12    s
20:56:41 |   DE       9.000041e+02     9.000052e+02     1.572157e-03     0.27    s ★
20:56:41 |   GA       9.014027e+02     9.022850e+02     6.274739e-01     0.26    s
20:56:41 |   ABC      9.007572e+02     9.016967e+02     6.882126e-01     0.27    s
20:56:41 |   GWO      9.000048e+02     9.000156e+02     9.791898e-03     0.26    s
20:56:41 |   WOA      9.000015e+02     9.009399e+02     9.683658e-01     0.21    s
20:56:41 |   SCA      9.004410e+02     9.010766e+02     6.318982e-01     0.19    s
20:56:41 |   HHO      9.004554e+02     9.005455e+02     7.343446e-02     0.31    s
20:56:41 |   MPA      9.000008e+02     9.002115e+02     2.378535e-01     0.19    s
20:56:41 |   AO       9.010877e+02     9.016040e+02     4.489340e-01     0.17    s
20:56:41 |   DBO      9.009043e+02     9.034018e+02     2.685730e+00     0.16    s
20:56:41 |   F5 总耗时: 8.1s
20:56:41 | 
20:56:41 | ────────────────────────────────────────────────────────────────────────
20:56:41 |   [6/12] F6: F6: Hybrid Function 1
20:56:41 |   维度=10, f*=1800.0
20:56:41 | ────────────────────────────────────────────────────────────────────────
20:56:42 |     Run 1/3 | WSOA=5.966999e+03 (0.3s) | 进度: 181/432 (42%)
20:56:44 |     Run 1/3 完成 | 本轮耗时: 3.1s | 预计剩余: 1.0min
20:56:45 |     Run 2/3 | WSOA=5.734626e+03 (0.3s) | 进度: 193/432 (45%)
20:56:47 |     Run 2/3 完成 | 本轮耗时: 3.0s | 预计剩余: 1.0min
20:56:48 |     Run 3/3 | WSOA=1.896225e+04 (0.3s) | 进度: 205/432 (47%)
20:56:50 |     Run 3/3 完成 | 本轮耗时: 3.0s | 预计剩余: 0.9min
20:56:50 | 
20:56:50 |   算法       最优值              平均值              标准差              平均耗时      
20:56:50 |   ────────────────────────────────────────────────────────────────────
20:56:50 |   WSOA     5.734626e+03     1.022129e+04     6.181519e+03     0.33    s
20:56:50 |   PSO      5.270364e+04     6.615094e+04     1.019112e+04     0.14    s
20:56:50 |   DE       2.253813e+03     2.517253e+03     3.306095e+02     0.31    s ★
20:56:50 |   GA       1.251538e+04     1.678696e+04     4.436822e+03     0.28    s
20:56:50 |   ABC      1.081428e+04     1.398005e+04     3.063349e+03     0.30    s
20:56:50 |   GWO      3.240166e+04     5.458126e+04     2.003608e+04     0.28    s
20:56:50 |   WOA      4.254484e+04     5.207723e+04     8.764616e+03     0.23    s
20:56:50 |   SCA      4.669916e+06     9.427123e+06     5.777882e+06     0.21    s
20:56:50 |   HHO      1.275368e+04     3.132935e+04     1.868048e+04     0.35    s
20:56:50 |   MPA      2.359879e+04     3.747873e+04     1.634333e+04     0.22    s
20:56:50 |   AO       1.301798e+04     2.294224e+04     8.543039e+03     0.20    s
20:56:50 |   DBO      4.400662e+04     6.835418e+04     1.788929e+04     0.18    s
20:56:50 |   F6 总耗时: 9.1s
20:56:51 | 
20:56:51 | ────────────────────────────────────────────────────────────────────────
20:56:51 |   [7/12] F7: F7: Hybrid Function 2
20:56:51 |   维度=10, f*=2000.0
20:56:51 | ────────────────────────────────────────────────────────────────────────
20:56:53 |     Run 1/3 | WSOA=2.031820e+03 (2.0s) | 进度: 217/432 (50%)
20:57:13 |     Run 1/3 完成 | 本轮耗时: 22.4s | 预计剩余: 1.2min
20:57:15 |     Run 2/3 | WSOA=2.026685e+03 (2.0s) | 进度: 229/432 (53%)
20:57:36 |     Run 2/3 完成 | 本轮耗时: 22.6s | 预计剩余: 1.3min
20:57:38 |     Run 3/3 | WSOA=2.029033e+03 (2.1s) | 进度: 241/432 (56%)
20:57:58 |     Run 3/3 完成 | 本轮耗时: 22.7s | 预计剩余: 1.5min
20:57:58 | 
20:57:58 |   算法       最优值              平均值              标准差              平均耗时      
20:57:58 |   ────────────────────────────────────────────────────────────────────
20:57:58 |   WSOA     2.026685e+03     2.029180e+03     2.098958e+00     2.04    s
20:57:58 |   PSO      2.030854e+03     2.042316e+03     1.412931e+01     1.60    s
20:57:58 |   DE       2.046504e+03     2.051037e+03     5.636717e+00     1.85    s
20:57:58 |   GA       2.023242e+03     2.024388e+03     1.077769e+00     1.74    s
20:57:58 |   ABC      2.019859e+03     2.024139e+03     3.274915e+00     1.84    s ★
20:57:58 |   GWO      2.034985e+03     2.039061e+03     3.056991e+00     1.79    s
20:57:58 |   WOA      2.036190e+03     2.043026e+03     9.050417e+00     1.75    s
20:57:58 |   SCA      2.085061e+03     2.146639e+03     4.874850e+01     1.72    s
20:57:58 |   HHO      2.042549e+03     2.075147e+03     2.533342e+01     3.13    s
20:57:58 |   MPA      2.024732e+03     2.025806e+03     8.077362e-01     1.74    s
20:57:58 |   AO       2.020829e+03     2.037087e+03     1.366551e+01     1.69    s
20:57:58 |   DBO      2.032754e+03     2.068582e+03     3.644643e+01     1.70    s
20:57:58 |   F7 总耗时: 67.8s
20:57:59 | 
20:57:59 | ────────────────────────────────────────────────────────────────────────
20:57:59 |   [8/12] F8: F8: Hybrid Function 3
20:57:59 |   维度=10, f*=2200.0
20:57:59 | ────────────────────────────────────────────────────────────────────────
20:58:01 |     Run 1/3 | WSOA=2.223777e+03 (2.8s) | 进度: 253/432 (59%)
20:58:29 |     Run 1/3 完成 | 本轮耗时: 30.5s | 预计剩余: 1.6min
20:58:32 |     Run 2/3 | WSOA=2.224790e+03 (2.7s) | 进度: 265/432 (61%)
20:58:59 |     Run 2/3 完成 | 本轮耗时: 30.1s | 预计剩余: 1.7min
20:59:02 |     Run 3/3 | WSOA=2.211595e+03 (2.7s) | 进度: 277/432 (64%)
20:59:30 |     Run 3/3 完成 | 本轮耗时: 30.5s | 预计剩余: 1.8min
20:59:30 | 
20:59:30 |   算法       最优值              平均值              标准差              平均耗时      
20:59:30 |   ────────────────────────────────────────────────────────────────────
20:59:30 |   WSOA     2.211595e+03     2.220054e+03     5.995677e+00     2.73    s ★
20:59:30 |   PSO      2.252134e+03     2.498282e+03     2.689750e+02     2.25    s
20:59:30 |   DE       2.215597e+03     2.221546e+03     4.490769e+00     2.44    s
20:59:30 |   GA       2.265896e+03     2.313042e+03     4.150405e+01     2.34    s
20:59:30 |   ABC      2.225181e+03     2.257291e+03     3.952711e+01     2.42    s
20:59:30 |   GWO      2.453343e+03     3.089295e+03     7.545492e+02     2.39    s
20:59:30 |   WOA      2.261989e+03     2.953345e+03     6.469211e+02     2.36    s
20:59:30 |   SCA      2.970435e+03     3.470411e+03     4.785808e+02     2.30    s
20:59:30 |   HHO      2.619779e+03     2.961201e+03     2.916417e+02     4.25    s
20:59:30 |   MPA      2.281843e+03     2.313539e+03     2.258456e+01     2.32    s
20:59:30 |   AO       2.281164e+03     2.302652e+03     2.775880e+01     2.29    s
20:59:30 |   DBO      2.315852e+03     3.184467e+03     1.180097e+03     2.28    s
20:59:30 |   F8 总耗时: 91.1s
20:59:30 | 
20:59:30 | ────────────────────────────────────────────────────────────────────────
20:59:30 |   [9/12] F9: F9: Composition Function 1
20:59:30 |   维度=10, f*=2300.0
20:59:30 | ────────────────────────────────────────────────────────────────────────
20:59:31 |     Run 1/3 | WSOA=2.300008e+03 (0.7s) | 进度: 289/432 (67%)
20:59:37 |     Run 1/3 完成 | 本轮耗时: 7.3s | 预计剩余: 1.6min
20:59:38 |     Run 2/3 | WSOA=2.667496e+03 (0.7s) | 进度: 301/432 (70%)
20:59:45 |     Run 2/3 完成 | 本轮耗时: 7.3s | 预计剩余: 1.5min
20:59:45 |     Run 3/3 | WSOA=2.664760e+03 (0.7s) | 进度: 313/432 (72%)
20:59:52 |     Run 3/3 完成 | 本轮耗时: 7.3s | 预计剩余: 1.3min
20:59:52 | 
20:59:52 |   算法       最优值              平均值              标准差              平均耗时      
20:59:52 |   ────────────────────────────────────────────────────────────────────
20:59:52 |   WSOA     2.300008e+03     2.544088e+03     1.725945e+02     0.70    s
20:59:52 |   PSO      2.680523e+03     2.732818e+03     3.827844e+01     0.45    s
20:59:52 |   DE       2.302636e+03     2.422873e+03     1.671365e+02     0.67    s
20:59:52 |   GA       2.675494e+03     2.679832e+03     3.092619e+00     0.60    s
20:59:52 |   ABC      2.322270e+03     2.361533e+03     3.654918e+01     0.66    s ★
20:59:52 |   GWO      2.661229e+03     2.683897e+03     2.595439e+01     0.60    s
20:59:52 |   WOA      2.669610e+03     2.670769e+03     1.390513e+00     0.57    s
20:59:52 |   SCA      2.681253e+03     2.705533e+03     2.116965e+01     0.53    s
20:59:52 |   HHO      2.671129e+03     2.702727e+03     3.816704e+01     0.97    s
20:59:52 |   MPA      2.669859e+03     2.709819e+03     2.891127e+01     0.54    s
20:59:52 |   AO       2.669379e+03     2.670968e+03     1.749745e+00     0.52    s
20:59:52 |   DBO      2.699133e+03     2.721591e+03     3.127330e+01     0.50    s
20:59:52 |   F9 总耗时: 21.9s
20:59:52 | 
20:59:52 | ────────────────────────────────────────────────────────────────────────
20:59:52 |   [10/12] F10: F10: Composition Function 2
20:59:52 |   维度=10, f*=2400.0
20:59:52 | ────────────────────────────────────────────────────────────────────────
20:59:53 |     Run 1/3 | WSOA=2.737402e+03 (0.7s) | 进度: 325/432 (75%)
21:00:00 |     Run 1/3 完成 | 本轮耗时: 7.9s | 预计剩余: 1.2min
21:00:01 |     Run 2/3 | WSOA=2.553881e+03 (0.7s) | 进度: 337/432 (78%)
21:00:08 |     Run 2/3 完成 | 本轮耗时: 7.8s | 预计剩余: 1.0min
21:00:08 |     Run 3/3 | WSOA=7.895455e+02 (0.7s) | 进度: 349/432 (81%)
21:00:16 |     Run 3/3 完成 | 本轮耗时: 7.8s | 预计剩余: 0.9min
21:00:16 | 
21:00:16 |   算法       最优值              平均值              标准差              平均耗时      
21:00:16 |   ────────────────────────────────────────────────────────────────────
21:00:16 |   WSOA     7.895455e+02     2.026943e+03     8.781740e+02     0.73    s
21:00:16 |   PSO      5.660001e+02     7.240696e+02     1.631044e+02     0.49    s ★
21:00:16 |   DE       1.838053e+03     2.179878e+03     3.235634e+02     0.72    s
21:00:16 |   GA       9.465698e+02     1.921238e+03     7.065379e+02     0.64    s
21:00:16 |   ABC      1.206571e+03     1.319779e+03     8.943893e+01     0.70    s
21:00:16 |   GWO      1.984421e+03     2.307207e+03     2.333858e+02     0.64    s
21:00:16 |   WOA      -5.138442e+02    7.240923e+02     1.336116e+03     0.60    s
21:00:16 |   SCA      1.647269e+03     1.954997e+03     2.261691e+02     0.56    s
21:00:16 |   HHO      7.932841e+02     2.048863e+03     8.893048e+02     1.05    s
21:00:16 |   MPA      -4.667609e+02    1.009636e+03     1.307923e+03     0.58    s
21:00:16 |   AO       7.154811e+02     1.396336e+03     5.210763e+02     0.55    s
21:00:16 |   DBO      1.065214e+03     1.580030e+03     3.651608e+02     0.55    s
21:00:16 |   F10 总耗时: 23.4s
21:00:16 | 
21:00:16 | ────────────────────────────────────────────────────────────────────────
21:00:16 |   [11/12] F11: F11: Composition Function 3
21:00:16 |   维度=10, f*=2600.0
21:00:16 | ────────────────────────────────────────────────────────────────────────
21:00:17 |     Run 1/3 | WSOA=2.600019e+03 (1.2s) | 进度: 361/432 (84%)
21:00:28 |     Run 1/3 完成 | 本轮耗时: 12.7s | 预计剩余: 0.7min
21:00:30 |     Run 2/3 | WSOA=2.600003e+03 (1.2s) | 进度: 373/432 (86%)
21:00:41 |     Run 2/3 完成 | 本轮耗时: 12.8s | 预计剩余: 0.6min
21:00:42 |     Run 3/3 | WSOA=2.600045e+03 (1.2s) | 进度: 385/432 (89%)
21:00:54 |     Run 3/3 完成 | 本轮耗时: 12.9s | 预计剩余: 0.5min
21:00:54 | 
21:00:54 |   算法       最优值              平均值              标准差              平均耗时      
21:00:54 |   ────────────────────────────────────────────────────────────────────
21:00:54 |   WSOA     2.600003e+03     2.600022e+03     1.753122e-02     1.17    s ★
21:00:54 |   PSO      2.633005e+03     2.916644e+03     3.903314e+02     0.86    s
21:00:54 |   DE       2.600330e+03     2.600377e+03     5.878459e-02     1.10    s
21:00:54 |   GA       2.600610e+03     2.601247e+03     7.228744e-01     0.98    s
21:00:54 |   ABC      2.602236e+03     2.603882e+03     2.219582e+00     1.08    s
21:00:54 |   GWO      2.600214e+03     2.888829e+03     4.062511e+02     1.04    s
21:00:54 |   WOA      2.600390e+03     2.892293e+03     4.038744e+02     1.01    s
21:00:54 |   SCA      2.627131e+03     2.633456e+03     8.713901e+00     0.97    s
21:00:54 |   HHO      2.600530e+03     2.607692e+03     1.004920e+01     1.74    s
21:00:54 |   MPA      2.600045e+03     2.600082e+03     3.858883e-02     0.98    s
21:00:54 |   AO       2.600004e+03     2.607504e+03     1.060337e+01     0.94    s
21:00:54 |   DBO      2.612437e+03     2.655303e+03     4.878582e+01     0.94    s
21:00:54 |   F11 总耗时: 38.4s
21:00:54 | 
21:00:54 | ────────────────────────────────────────────────────────────────────────
21:00:54 |   [12/12] F12: F12: Composition Function 4
21:00:54 |   维度=10, f*=2700.0
21:00:54 | ────────────────────────────────────────────────────────────────────────
21:00:56 |     Run 1/3 | WSOA=2.853726e+03 (1.3s) | 进度: 397/432 (92%)
21:01:08 |     Run 1/3 完成 | 本轮耗时: 13.6s | 预计剩余: 0.3min
21:01:09 |     Run 2/3 | WSOA=2.859991e+03 (1.3s) | 进度: 409/432 (95%)
21:01:22 |     Run 2/3 完成 | 本轮耗时: 13.6s | 预计剩余: 0.2min
21:01:23 |     Run 3/3 | WSOA=2.862880e+03 (1.3s) | 进度: 421/432 (97%)
21:01:35 |     Run 3/3 完成 | 本轮耗时: 13.6s | 预计剩余: 0.0min
21:01:35 | 
21:01:35 |   算法       最优值              平均值              标准差              平均耗时      
21:01:35 |   ────────────────────────────────────────────────────────────────────
21:01:35 |   WSOA     2.853726e+03     2.858866e+03     3.820725e+00     1.28    s
21:01:35 |   PSO      2.869875e+03     2.888346e+03     1.407127e+01     0.90    s
21:01:35 |   DE       2.857135e+03     2.858894e+03     1.581215e+00     1.17    s
21:01:35 |   GA       2.749521e+03     2.837791e+03     6.242212e+01     1.05    s
21:01:35 |   ABC      2.354934e+03     2.625189e+03     2.119959e+02     1.14    s ★
21:01:35 |   GWO      2.851172e+03     2.854347e+03     3.931154e+00     1.10    s
21:01:35 |   WOA      2.854917e+03     2.859558e+03     3.444274e+00     1.06    s
21:01:35 |   SCA      2.859631e+03     2.879828e+03     1.428336e+01     1.03    s
21:01:35 |   HHO      2.878365e+03     2.924398e+03     5.257118e+01     1.84    s
21:01:35 |   MPA      2.831362e+03     2.848048e+03     1.280747e+01     1.04    s
21:01:35 |   AO       2.885324e+03     2.919123e+03     3.226681e+01     1.01    s
21:01:35 |   DBO      2.847780e+03     2.862479e+03     1.071835e+01     0.99    s
21:01:35 |   F12 总耗时: 40.9s
21:01:35 | 
21:01:35 | ════════════════════════════════════════════════════════════════════════
21:01:35 |   保存CSV结果文件...
21:01:35 | 
21:01:35 |   绘制汇总图表...
21:01:36 | 
21:01:36 | ════════════════════════════════════════════════════════════════════════
21:01:36 |   各函数平均排名汇总:
21:01:36 |   ──────────────────────────────────────────────────
21:01:36 |   WSOA     平均排名: 3.08 ★
21:01:36 |   ABC      平均排名: 4.25
21:01:36 |   DE       平均排名: 4.83
21:01:36 |   AO       平均排名: 4.92
21:01:36 |   MPA      平均排名: 5.08
21:01:36 |   WOA      平均排名: 6.25
21:01:36 |   GA       平均排名: 6.33
21:01:36 |   GWO      平均排名: 7.00
21:01:36 |   HHO      平均排名: 7.67
21:01:36 |   PSO      平均排名: 8.33
21:01:36 |   SCA      平均排名: 10.00
21:01:36 |   DBO      平均排名: 10.25
21:01:36 | 
21:01:36 | ════════════════════════════════════════════════════════════════════════
21:01:36 |   实验完成! ★ = 最优算法
21:01:36 |   总耗时: 5.7 分钟
21:01:36 |   结果保存在: results/CEC2022/
21:01:36 |   日志文件: results/CEC2022/experiment_20260327_205555.log
21:01:36 |   CSV文件:
21:01:36 |     - results_raw.csv         (每次运行原始数据)
21:01:36 |     - results_summary.csv     (Best/Worst/Mean/Median/Std)
21:01:36 |     - results_ranking.csv     (各函数排名 + 平均排名)
21:01:36 |     - results_convergence.csv (收敛曲线数据)
21:01:36 | ════════════════════════════════════════════════════════════════════════
