21:24:53 | 日志文件: results/CEC2005/experiment_20260327_212453.log
21:24:53 | ╔════════════════════════════════════════════════════════════════════════╗
21:24:53 | ║  战国优化算法 (WSOA) — CEC2005 对比实验
21:24:53 | ║  维度=10, 种群=140, 迭代=100, 独立运行=5次
21:24:53 | ║  对比算法: PSO, DE, GA, ABC, GWO, WOA, SCA, HHO, MPA, AO, DBO
21:24:53 | ║  测试函数: CEC2005 (25个函数)
21:24:53 | ║  总任务数: 1500 (=25函数 x 5次 x 12算法)
21:24:53 | ╚════════════════════════════════════════════════════════════════════════╝
21:24:53 | 
21:24:53 | ────────────────────────────────────────────────────────────────────────
21:24:53 |   [1/25] F1: F1: Shifted Sphere Function
21:24:53 |   维度=10, f*=-450.0
21:24:53 | ────────────────────────────────────────────────────────────────────────
21:24:53 |     Run 1/5 | WSOA=-4.500000e+02 (0.4s) | 进度: 1/1500 (0%)
21:24:56 |     Run 1/5 完成 | 本轮耗时: 3.1s | 预计剩余: 6.3min
21:24:56 |     Run 2/5 | WSOA=-4.500000e+02 (0.3s) | 进度: 13/1500 (1%)
21:24:59 |     Run 2/5 完成 | 本轮耗时: 3.0s | 预计剩余: 6.2min
21:24:59 |     Run 3/5 | WSOA=-4.500000e+02 (0.3s) | 进度: 25/1500 (2%)
21:25:02 |     Run 3/5 完成 | 本轮耗时: 3.0s | 预计剩余: 6.1min
21:25:02 |     Run 4/5 | WSOA=-4.500000e+02 (0.3s) | 进度: 37/1500 (2%)
21:25:05 |     Run 4/5 完成 | 本轮耗时: 3.0s | 预计剩余: 6.0min
21:25:05 |     Run 5/5 | WSOA=-4.500000e+02 (0.3s) | 进度: 49/1500 (3%)
21:25:08 |     Run 5/5 完成 | 本轮耗时: 3.0s | 预计剩余: 6.0min
21:25:08 | 
21:25:08 |   算法       最优值              平均值              标准差              平均耗时      
21:25:08 |   ────────────────────────────────────────────────────────────────────
21:25:08 |   WSOA     -4.500000e+02    -4.500000e+02    5.489660e-07     0.33    s ★
21:25:08 |   PSO      -4.478979e+02    -3.190368e+01    3.940832e+02     0.05    s
21:25:08 |   DE       -4.498565e+02    -4.498444e+02    9.865594e-03     0.42    s
21:25:08 |   GA       -4.493677e+02    -4.489133e+02    3.099574e-01     0.35    s
21:25:08 |   ABC      -4.499999e+02    -4.499997e+02    1.972682e-04     0.34    s
21:25:08 |   GWO      -4.494546e+02    -4.062853e+02    5.286360e+01     0.33    s
21:25:08 |   WOA      -4.499199e+02    -4.496709e+02    1.328265e-01     0.22    s
21:25:08 |   SCA      2.234424e+02     4.393933e+02     1.409656e+02     0.19    s
21:25:08 |   HHO      -4.498027e+02    -4.496048e+02    1.796368e-01     0.27    s
21:25:08 |   MPA      -4.499979e+02    -4.499897e+02    1.063548e-02     0.20    s
21:25:08 |   AO       -4.500000e+02    -4.500000e+02    2.977661e-06     0.16    s
21:25:08 |   DBO      -3.828758e+02    -1.315813e+02    2.246805e+02     0.14    s
21:25:08 |   F1 总耗时: 15.0s
21:25:08 | 
21:25:08 | ────────────────────────────────────────────────────────────────────────
21:25:08 |   [2/25] F2: F2: Shifted Schwefel’s Problem 1.2
21:25:08 |   维度=10, f*=-450.0
21:25:08 | ────────────────────────────────────────────────────────────────────────
21:25:09 |     Run 1/5 | WSOA=-4.499938e+02 (0.7s) | 进度: 61/1500 (4%)
21:25:16 |     Run 1/5 完成 | 本轮耗时: 8.0s | 预计剩余: 7.7min
21:25:17 |     Run 2/5 | WSOA=-4.499946e+02 (0.7s) | 进度: 73/1500 (5%)
21:25:24 |     Run 2/5 完成 | 本轮耗时: 8.0s | 预计剩余: 8.8min
21:25:25 |     Run 3/5 | WSOA=-4.499979e+02 (0.7s) | 进度: 85/1500 (6%)
21:25:32 |     Run 3/5 完成 | 本轮耗时: 8.0s | 预计剩余: 9.6min
21:25:33 |     Run 4/5 | WSOA=-4.499998e+02 (0.7s) | 进度: 97/1500 (6%)
21:25:40 |     Run 4/5 完成 | 本轮耗时: 8.0s | 预计剩余: 10.1min
21:25:41 |     Run 5/5 | WSOA=-4.499939e+02 (0.7s) | 进度: 109/1500 (7%)
21:25:48 |     Run 5/5 完成 | 本轮耗时: 8.0s | 预计剩余: 10.6min
21:25:48 | 
21:25:48 |   算法       最优值              平均值              标准差              平均耗时      
21:25:48 |   ────────────────────────────────────────────────────────────────────
21:25:48 |   WSOA     -4.499998e+02    -4.499960e+02    2.410622e-03     0.75    s
21:25:48 |   PSO      -3.427677e+02    -2.542318e+02    6.528009e+01     0.43    s
21:25:48 |   DE       -4.495394e+02    -4.480322e+02    1.126969e+00     0.81    s
21:25:48 |   GA       -4.152347e+02    -3.585094e+02    6.642715e+01     0.73    s
21:25:48 |   ABC      -4.387758e+02    -3.657401e+02    6.907120e+01     0.74    s
21:25:48 |   GWO      -4.491839e+02    -4.344485e+02    1.792213e+01     0.72    s
21:25:48 |   WOA      -4.479242e+02    -4.268767e+02    2.058038e+01     0.61    s
21:25:48 |   SCA      6.090129e+01     7.248438e+02     7.575268e+02     0.58    s
21:25:48 |   HHO      -4.422069e+02    -4.024421e+02    5.009887e+01     0.97    s
21:25:48 |   MPA      -4.496599e+02    -4.473345e+02    1.444843e+00     0.58    s
21:25:48 |   AO       -4.499992e+02    -4.499979e+02    1.367133e-03     0.55    s ★
21:25:48 |   DBO      -3.137716e+02    -3.660692e+01    3.301250e+02     0.52    s
21:25:48 |   F2 总耗时: 39.9s
21:25:48 | 
21:25:48 | ────────────────────────────────────────────────────────────────────────
21:25:48 |   [3/25] F3: F3: Shifted Rotated High Conditioned Elliptic Function
21:25:48 |   维度=10, f*=-450.0
21:25:48 | ────────────────────────────────────────────────────────────────────────
21:25:48 |     Run 1/5 | WSOA=4.611173e+03 (0.4s) | 进度: 121/1500 (8%)
21:25:52 |     Run 1/5 完成 | 本轮耗时: 3.9s | 预计剩余: 10.2min
21:25:52 |     Run 2/5 | WSOA=8.574783e+03 (0.4s) | 进度: 133/1500 (9%)
21:25:56 |     Run 2/5 完成 | 本轮耗时: 3.8s | 预计剩余: 9.9min
21:25:56 |     Run 3/5 | WSOA=4.146487e+04 (0.4s) | 进度: 145/1500 (10%)
21:26:00 |     Run 3/5 完成 | 本轮耗时: 3.9s | 预计剩余: 9.6min
21:26:00 |     Run 4/5 | WSOA=4.816724e+04 (0.4s) | 进度: 157/1500 (10%)
21:26:03 |     Run 4/5 完成 | 本轮耗时: 3.8s | 预计剩余: 9.4min
21:26:04 |     Run 5/5 | WSOA=3.994284e+04 (0.4s) | 进度: 169/1500 (11%)
21:26:07 |     Run 5/5 完成 | 本轮耗时: 3.9s | 预计剩余: 9.1min
21:26:07 | 
21:26:07 |   算法       最优值              平均值              标准差              平均耗时      
21:26:07 |   ────────────────────────────────────────────────────────────────────
21:26:07 |   WSOA     4.611173e+03     2.855218e+04     1.818518e+04     0.37    s ★
21:26:07 |   PSO      2.192968e+06     5.496935e+06     3.378596e+06     0.11    s
21:26:07 |   DE       1.127109e+05     1.513764e+05     3.935503e+04     0.50    s
21:26:07 |   GA       2.648275e+05     2.193155e+06     2.174985e+06     0.42    s
21:26:07 |   ABC      5.250291e+05     2.431934e+06     1.285492e+06     0.43    s
21:26:07 |   GWO      3.161855e+05     6.277346e+05     2.862302e+05     0.40    s
21:26:07 |   WOA      2.500865e+05     7.193503e+05     4.878280e+05     0.28    s
21:26:07 |   SCA      2.367345e+06     6.387922e+06     5.078565e+06     0.26    s
21:26:07 |   HHO      2.515674e+05     7.443504e+05     3.716777e+05     0.39    s
21:26:07 |   MPA      4.525624e+04     1.054139e+06     8.997521e+05     0.26    s
21:26:07 |   AO       1.177370e+05     2.582608e+05     1.201530e+05     0.23    s
21:26:07 |   DBO      2.834932e+06     7.041672e+06     3.297727e+06     0.20    s
21:26:07 |   F3 总耗时: 19.2s
21:26:08 | 
21:26:08 | ────────────────────────────────────────────────────────────────────────
21:26:08 |   [4/25] F4: F4: Shifted Schwefel’s Problem 1.2 with Noise in Fitness
21:26:08 |   维度=10, f*=-450.0
21:26:08 | ────────────────────────────────────────────────────────────────────────
21:26:08 |     Run 1/5 | WSOA=-4.499613e+02 (0.8s) | 进度: 181/1500 (12%)
21:26:16 |     Run 1/5 完成 | 本轮耗时: 8.2s | 预计剩余: 9.4min
21:26:17 |     Run 2/5 | WSOA=-4.499986e+02 (0.8s) | 进度: 193/1500 (13%)
21:26:24 |     Run 2/5 完成 | 本轮耗时: 8.2s | 预计剩余: 9.7min
21:26:25 |     Run 3/5 | WSOA=-4.499977e+02 (0.8s) | 进度: 205/1500 (14%)
21:26:32 |     Run 3/5 完成 | 本轮耗时: 8.2s | 预计剩余: 9.9min
21:26:33 |     Run 4/5 | WSOA=-4.499038e+02 (0.8s) | 进度: 217/1500 (14%)
21:26:40 |     Run 4/5 完成 | 本轮耗时: 8.2s | 预计剩余: 10.0min
21:26:41 |     Run 5/5 | WSOA=-4.499988e+02 (0.8s) | 进度: 229/1500 (15%)
21:26:49 |     Run 5/5 完成 | 本轮耗时: 8.2s | 预计剩余: 10.1min
21:26:49 | 
21:26:49 |   算法       最优值              平均值              标准差              平均耗时      
21:26:49 |   ────────────────────────────────────────────────────────────────────
21:26:49 |   WSOA     -4.499988e+02    -4.499720e+02    3.704801e-02     0.77    s ★
21:26:49 |   PSO      -2.462185e+02    2.628291e+01     1.622387e+02     0.45    s
21:26:49 |   DE       -4.479170e+02    -4.454808e+02    2.151836e+00     0.84    s
21:26:49 |   GA       -4.214559e+02    -3.208398e+02    1.052997e+02     0.74    s
21:26:49 |   ABC      8.015793e+02     1.993714e+03     9.936451e+02     0.77    s
21:26:49 |   GWO      -4.400571e+02    -4.015891e+02    3.705066e+01     0.74    s
21:26:49 |   WOA      -4.491051e+02    -4.199217e+02    3.092750e+01     0.62    s
21:26:49 |   SCA      2.088775e+02     7.296578e+02     3.831308e+02     0.59    s
21:26:49 |   HHO      6.911096e+02     2.051956e+03     1.541197e+03     1.00    s
21:26:49 |   MPA      -4.497418e+02    -4.418827e+02    6.436451e+00     0.60    s
21:26:49 |   AO       1.995520e+03     4.803777e+03     2.573778e+03     0.56    s
21:26:49 |   DBO      -2.182925e+02    -1.110855e+01    2.185730e+02     0.54    s
21:26:49 |   F4 总耗时: 41.1s
21:26:49 | 
21:26:49 | ────────────────────────────────────────────────────────────────────────
21:26:49 |   [5/25] F5: F5: Schwefel’s Problem 2.6 with Global Optimum on Bounds
21:26:49 |   维度=10, f*=-310.0
21:26:49 | ────────────────────────────────────────────────────────────────────────
21:26:49 |     Run 1/5 | WSOA=-3.098161e+02 (0.6s) | 进度: 241/1500 (16%)
21:26:56 |     Run 1/5 完成 | 本轮耗时: 6.7s | 预计剩余: 10.1min
21:26:56 |     Run 2/5 | WSOA=-3.097605e+02 (0.6s) | 进度: 253/1500 (17%)
21:27:02 |     Run 2/5 完成 | 本轮耗时: 6.6s | 预计剩余: 10.1min
21:27:03 |     Run 3/5 | WSOA=-3.098929e+02 (0.6s) | 进度: 265/1500 (18%)
21:27:09 |     Run 3/5 完成 | 本轮耗时: 6.7s | 预计剩余: 10.1min
21:27:09 |     Run 4/5 | WSOA=-3.088049e+02 (0.6s) | 进度: 277/1500 (18%)
21:27:16 |     Run 4/5 完成 | 本轮耗时: 6.7s | 预计剩余: 10.0min
21:27:16 |     Run 5/5 | WSOA=-3.097297e+02 (0.6s) | 进度: 289/1500 (19%)
21:27:22 |     Run 5/5 完成 | 本轮耗时: 6.7s | 预计剩余: 10.0min
21:27:22 | 
21:27:22 |   算法       最优值              平均值              标准差              平均耗时      
21:27:22 |   ────────────────────────────────────────────────────────────────────
21:27:22 |   WSOA     -3.098929e+02    -3.096008e+02    4.018209e-01     0.63    s ★
21:27:22 |   PSO      -3.097545e+02    -3.094260e+02    2.306413e-01     0.33    s
21:27:22 |   DE       -2.905636e+02    -2.821217e+02    1.103618e+01     0.72    s
21:27:22 |   GA       -1.788657e+02    5.428416e+02     6.665645e+02     0.63    s
21:27:22 |   ABC      -1.876496e+02    9.018794e+02     1.095710e+03     0.63    s
21:27:22 |   GWO      -3.036907e+02    -1.057612e+02    1.589739e+02     0.62    s
21:27:22 |   WOA      -3.091346e+02    -3.081865e+02    9.785059e-01     0.50    s
21:27:22 |   SCA      1.691187e+03     2.221846e+03     4.435946e+02     0.48    s
21:27:22 |   HHO      3.577897e+01     1.601275e+03     1.823957e+03     0.78    s
21:27:22 |   MPA      -2.316789e+02    2.682968e+01     2.253737e+02     0.48    s
21:27:22 |   AO       -3.031259e+02    9.611699e+02     2.083992e+03     0.45    s
21:27:22 |   DBO      -1.525511e+02    1.069286e+03     1.751528e+03     0.42    s
21:27:22 |   F5 总耗时: 33.4s
21:27:23 | 
21:27:23 | ────────────────────────────────────────────────────────────────────────
21:27:23 |   [6/25] F6: F6: Shifted Rosenbrock’s Function
21:27:23 |   维度=10, f*=390.0
21:27:23 | ────────────────────────────────────────────────────────────────────────
21:27:23 |     Run 1/5 | WSOA=4.496765e+02 (0.4s) | 进度: 301/1500 (20%)
21:27:26 |     Run 1/5 完成 | 本轮耗时: 3.9s | 预计剩余: 9.8min
21:27:27 |     Run 2/5 | WSOA=3.984972e+02 (0.4s) | 进度: 313/1500 (21%)
21:27:30 |     Run 2/5 完成 | 本轮耗时: 3.9s | 预计剩余: 9.5min
21:27:31 |     Run 3/5 | WSOA=3.983772e+02 (0.4s) | 进度: 325/1500 (22%)
21:27:34 |     Run 3/5 完成 | 本轮耗时: 3.9s | 预计剩余: 9.3min
21:27:35 |     Run 4/5 | WSOA=3.967335e+02 (0.4s) | 进度: 337/1500 (22%)
21:27:38 |     Run 4/5 完成 | 本轮耗时: 3.9s | 预计剩余: 9.1min
21:27:38 |     Run 5/5 | WSOA=3.943637e+02 (0.4s) | 进度: 349/1500 (23%)
21:27:42 |     Run 5/5 完成 | 本轮耗时: 3.9s | 预计剩余: 8.9min
21:27:42 | 
21:27:42 |   算法       最优值              平均值              标准差              平均耗时      
21:27:42 |   ────────────────────────────────────────────────────────────────────
21:27:42 |   WSOA     3.943637e+02     4.075296e+02     2.112631e+01     0.40    s ★
21:27:42 |   PSO      7.642898e+02     6.070621e+05     8.660618e+05     0.12    s
21:27:42 |   DE       5.793837e+02     8.071634e+02     2.890104e+02     0.50    s
21:27:42 |   GA       7.144935e+02     1.173505e+03     7.253057e+02     0.42    s
21:27:42 |   ABC      4.002533e+02     4.957098e+02     1.361108e+02     0.41    s
21:27:42 |   GWO      5.412062e+03     2.183296e+05     1.815143e+05     0.40    s
21:27:42 |   WOA      4.710159e+02     2.929114e+03     4.397106e+03     0.28    s
21:27:42 |   SCA      4.749356e+06     1.263448e+07     5.496695e+06     0.26    s
21:27:42 |   HHO      4.887458e+02     3.614402e+03     3.470542e+03     0.39    s
21:27:42 |   MPA      4.550551e+02     4.929510e+02     3.883637e+01     0.26    s
21:27:42 |   AO       3.960192e+02     8.263034e+02     5.258776e+02     0.23    s
21:27:42 |   DBO      1.583886e+05     9.020046e+05     8.605045e+05     0.20    s
21:27:42 |   F6 总耗时: 19.3s
21:27:42 | 
21:27:42 | ────────────────────────────────────────────────────────────────────────
21:27:42 |   [7/25] F7: F7: Shifted Rotated Griewank’s Function without Bounds
21:27:42 |   维度=10, f*=-180.0
21:27:42 | ────────────────────────────────────────────────────────────────────────
21:27:43 |     Run 1/5 | WSOA=1.087046e+03 (0.4s) | 进度: 361/1500 (24%)
21:27:46 |     Run 1/5 完成 | 本轮耗时: 4.0s | 预计剩余: 8.8min
21:27:47 |     Run 2/5 | WSOA=1.087046e+03 (0.4s) | 进度: 373/1500 (25%)
21:27:50 |     Run 2/5 完成 | 本轮耗时: 4.0s | 预计剩余: 8.6min
21:27:51 |     Run 3/5 | WSOA=1.087046e+03 (0.4s) | 进度: 385/1500 (26%)
21:27:54 |     Run 3/5 完成 | 本轮耗时: 4.0s | 预计剩余: 8.4min
21:27:55 |     Run 4/5 | WSOA=1.087046e+03 (0.4s) | 进度: 397/1500 (26%)
21:27:58 |     Run 4/5 完成 | 本轮耗时: 4.0s | 预计剩余: 8.3min
21:27:59 |     Run 5/5 | WSOA=1.087046e+03 (0.4s) | 进度: 409/1500 (27%)
21:28:02 |     Run 5/5 完成 | 本轮耗时: 4.0s | 预计剩余: 8.1min
21:28:02 | 
21:28:02 |   算法       最优值              平均值              标准差              平均耗时      
21:28:02 |   ────────────────────────────────────────────────────────────────────
21:28:02 |   WSOA     1.087046e+03     1.087046e+03     1.883692e-11     0.40    s ★
21:28:02 |   PSO      1.087226e+03     1.087350e+03     2.488610e-01     0.13    s
21:28:02 |   DE       1.087054e+03     1.087062e+03     5.637227e-03     0.51    s
21:28:02 |   GA       1.087097e+03     1.087163e+03     5.191472e-02     0.43    s
21:28:02 |   ABC      1.087226e+03     1.087231e+03     3.467263e-03     0.44    s
21:28:02 |   GWO      1.087046e+03     1.087119e+03     8.770885e-02     0.41    s
21:28:02 |   WOA      1.087046e+03     1.087118e+03     8.819712e-02     0.30    s
21:28:02 |   SCA      1.087047e+03     1.087053e+03     9.175405e-03     0.27    s
21:28:02 |   HHO      1.087046e+03     1.087064e+03     2.659918e-02     0.41    s
21:28:02 |   MPA      1.087046e+03     1.087046e+03     1.275747e-10     0.27    s
21:28:02 |   AO       1.087046e+03     1.087046e+03     1.397229e-11     0.24    s
21:28:02 |   DBO      1.087046e+03     1.087084e+03     7.107913e-02     0.22    s
21:28:02 |   F7 总耗时: 20.1s
21:28:02 | 
21:28:02 | ────────────────────────────────────────────────────────────────────────
21:28:02 |   [8/25] F8: F8: Shifted Rotated Ackley’s Function with Global Optimum on Bounds
21:28:02 |   维度=10, f*=-140.0
21:28:02 | ────────────────────────────────────────────────────────────────────────
21:28:03 |     Run 1/5 | WSOA=-1.194326e+02 (0.4s) | 进度: 421/1500 (28%)
21:28:07 |     Run 1/5 完成 | 本轮耗时: 4.3s | 预计剩余: 8.0min
21:28:07 |     Run 2/5 | WSOA=-1.194940e+02 (0.5s) | 进度: 433/1500 (29%)
21:28:11 |     Run 2/5 完成 | 本轮耗时: 4.4s | 预计剩余: 7.9min
21:28:11 |     Run 3/5 | WSOA=-1.194474e+02 (0.4s) | 进度: 445/1500 (30%)
21:28:15 |     Run 3/5 完成 | 本轮耗时: 4.2s | 预计剩余: 7.7min
21:28:16 |     Run 4/5 | WSOA=-1.195282e+02 (0.4s) | 进度: 457/1500 (30%)
21:28:20 |     Run 4/5 完成 | 本轮耗时: 4.3s | 预计剩余: 7.6min
21:28:20 |     Run 5/5 | WSOA=-1.194925e+02 (0.4s) | 进度: 469/1500 (31%)
21:28:24 |     Run 5/5 完成 | 本轮耗时: 4.2s | 预计剩余: 7.5min
21:28:24 | 
21:28:24 |   算法       最优值              平均值              标准差              平均耗时      
21:28:24 |   ────────────────────────────────────────────────────────────────────
21:28:24 |   WSOA     -1.195282e+02    -1.194790e+02    3.457792e-02     0.43    s
21:28:24 |   PSO      -1.195929e+02    -1.195089e+02    6.405009e-02     0.14    s
21:28:24 |   DE       -1.197010e+02    -1.195968e+02    1.015995e-01     0.53    s
21:28:24 |   GA       -1.197139e+02    -1.195144e+02    1.584954e-01     0.45    s
21:28:24 |   ABC      -1.195277e+02    -1.194652e+02    6.436119e-02     0.45    s
21:28:24 |   GWO      -1.197250e+02    -1.195656e+02    9.600362e-02     0.43    s
21:28:24 |   WOA      -1.196330e+02    -1.195336e+02    5.599590e-02     0.31    s
21:28:24 |   SCA      -1.196225e+02    -1.194794e+02    9.994464e-02     0.29    s
21:28:24 |   HHO      -1.197991e+02    -1.196647e+02    9.716942e-02     0.44    s
21:28:24 |   MPA      -1.198539e+02    -1.197328e+02    7.672824e-02     0.29    s ★
21:28:24 |   AO       -1.197665e+02    -1.196852e+02    6.955576e-02     0.26    s
21:28:24 |   DBO      -1.197604e+02    -1.195675e+02    1.447864e-01     0.23    s
21:28:24 |   F8 总耗时: 21.3s
21:28:24 | 
21:28:24 | ────────────────────────────────────────────────────────────────────────
21:28:24 |   [9/25] F9: F9: Shifted Rastrigin’s Function
21:28:24 |   维度=10, f*=-330.0
21:28:24 | ────────────────────────────────────────────────────────────────────────
21:28:24 |     Run 1/5 | WSOA=-3.230340e+02 (0.4s) | 进度: 481/1500 (32%)
21:28:28 |     Run 1/5 完成 | 本轮耗时: 3.8s | 预计剩余: 7.3min
21:28:28 |     Run 2/5 | WSOA=-3.250211e+02 (0.4s) | 进度: 493/1500 (33%)
21:28:32 |     Run 2/5 完成 | 本轮耗时: 3.7s | 预计剩余: 7.2min
21:28:32 |     Run 3/5 | WSOA=-3.260190e+02 (0.4s) | 进度: 505/1500 (34%)
21:28:35 |     Run 3/5 完成 | 本轮耗时: 3.7s | 预计剩余: 7.1min
21:28:36 |     Run 4/5 | WSOA=-3.250237e+02 (0.4s) | 进度: 517/1500 (34%)
21:28:39 |     Run 4/5 完成 | 本轮耗时: 3.8s | 预计剩余: 6.9min
21:28:40 |     Run 5/5 | WSOA=-3.250251e+02 (0.5s) | 进度: 529/1500 (35%)
21:28:43 |     Run 5/5 完成 | 本轮耗时: 4.3s | 预计剩余: 6.8min
21:28:43 | 
21:28:43 |   算法       最优值              平均值              标准差              平均耗时      
21:28:43 |   ────────────────────────────────────────────────────────────────────
21:28:43 |   WSOA     -3.260190e+02    -3.248246e+02    9.748159e-01     0.43    s
21:28:43 |   PSO      -3.084780e+02    -3.059410e+02    2.911923e+00     0.10    s
21:28:43 |   DE       -2.986896e+02    -2.924673e+02    3.617339e+00     0.49    s
21:28:43 |   GA       -3.282165e+02    -3.266851e+02    1.316525e+00     0.41    s ★
21:28:43 |   ABC      -3.276816e+02    -3.264426e+02    9.647903e-01     0.42    s
21:28:43 |   GWO      -3.105562e+02    -3.037438e+02    5.684492e+00     0.41    s
21:28:43 |   WOA      -3.238866e+02    -3.173808e+02    3.507178e+00     0.28    s
21:28:43 |   SCA      -3.004563e+02    -2.899172e+02    6.094391e+00     0.27    s
21:28:43 |   HHO      -3.121164e+02    -3.004437e+02    7.669138e+00     0.39    s
21:28:43 |   MPA      -3.200459e+02    -3.136773e+02    5.853429e+00     0.25    s
21:28:43 |   AO       -3.210450e+02    -3.129603e+02    5.452274e+00     0.22    s
21:28:43 |   DBO      -3.142763e+02    -3.098894e+02    6.172432e+00     0.20    s
21:28:43 |   F9 总耗时: 19.4s
21:28:44 | 
21:28:44 | ────────────────────────────────────────────────────────────────────────
21:28:44 |   [10/25] F10: F10: Shifted Rotated Rastrigin’s Function
21:28:44 |   维度=10, f*=-330.0
21:28:44 | ────────────────────────────────────────────────────────────────────────
21:28:44 |     Run 1/5 | WSOA=-3.031350e+02 (0.5s) | 进度: 541/1500 (36%)
21:28:48 |     Run 1/5 完成 | 本轮耗时: 4.1s | 预计剩余: 6.7min
21:28:48 |     Run 2/5 | WSOA=-3.120906e+02 (0.4s) | 进度: 553/1500 (37%)
21:28:51 |     Run 2/5 完成 | 本轮耗时: 3.8s | 预计剩余: 6.6min
21:28:52 |     Run 3/5 | WSOA=-3.110936e+02 (0.4s) | 进度: 565/1500 (38%)
21:28:55 |     Run 3/5 完成 | 本轮耗时: 3.9s | 预计剩余: 6.5min
21:28:56 |     Run 4/5 | WSOA=-3.200496e+02 (0.4s) | 进度: 577/1500 (38%)
21:28:59 |     Run 4/5 完成 | 本轮耗时: 3.8s | 预计剩余: 6.4min
21:29:00 |     Run 5/5 | WSOA=-3.240274e+02 (0.4s) | 进度: 589/1500 (39%)
21:29:03 |     Run 5/5 完成 | 本轮耗时: 3.9s | 预计剩余: 6.3min
21:29:03 | 
21:29:03 |   算法       最优值              平均值              标准差              平均耗时      
21:29:03 |   ────────────────────────────────────────────────────────────────────
21:29:03 |   WSOA     -3.240274e+02    -3.140792e+02    7.311019e+00     0.41    s ★
21:29:03 |   PSO      -2.965515e+02    -2.910879e+02    4.297588e+00     0.13    s
21:29:03 |   DE       -2.928473e+02    -2.855484e+02    3.684485e+00     0.50    s
21:29:03 |   GA       -3.152063e+02    -2.924743e+02    1.586087e+01     0.42    s
21:29:03 |   ABC      -2.930444e+02    -2.863385e+02    6.155865e+00     0.42    s
21:29:03 |   GWO      -3.145243e+02    -2.982177e+02    1.047480e+01     0.41    s
21:29:03 |   WOA      -3.117297e+02    -3.002794e+02    1.278762e+01     0.29    s
21:29:03 |   SCA      -2.887395e+02    -2.782373e+02    9.112258e+00     0.26    s
21:29:03 |   HHO      -3.080246e+02    -2.958527e+02    9.210873e+00     0.39    s
21:29:03 |   MPA      -3.110922e+02    -3.015703e+02    6.612308e+00     0.27    s
21:29:03 |   AO       -2.772671e+02    -2.563734e+02    1.683779e+01     0.23    s
21:29:03 |   DBO      -2.891680e+02    -2.838777e+02    6.194379e+00     0.20    s
21:29:03 |   F10 总耗时: 19.6s
21:29:03 | 
21:29:03 | ────────────────────────────────────────────────────────────────────────
21:29:03 |   [11/25] F11: F11: Shifted Rotated Weierstrass Function
21:29:03 |   维度=10, f*=90.0
21:29:03 | ────────────────────────────────────────────────────────────────────────
21:29:06 |     Run 1/5 | WSOA=9.494728e+01 (2.6s) | 进度: 601/1500 (40%)
